<?xml version="1.0" encoding="UTF-8"?>
<!-- Generated by org.testng.reporters.JUnitReportReporter -->
<testsuite skipped="0" hostname="deanas-mbp.lan" name="hellosign.AppTest" tests="1" failures="0" timestamp="28 Aug 2017 05:28:47 GMT" time="0.002" errors="0">
  <testcase name="testApp" time="0.002" classname="hellosign.AppTest"/>
</testsuite> <!-- hellosign.AppTest -->
