<?xml version="1.0" encoding="UTF-8"?>
<!-- Generated by org.testng.reporters.JUnitReportReporter -->
<testsuite skipped="0" hostname="deanamiellsimac.lan" name="com.netelastic.dragAndDrop" tests="1" failures="0" timestamp="21 Aug 2018 00:02:36 GMT" time="14.326" errors="0">
  <testcase name="dragAndDropTest" time="14.326" classname="com.netelastic.dragAndDrop"/>
</testsuite> <!-- com.netelastic.dragAndDrop -->
