<?xml version="1.0" encoding="UTF-8"?>
<!-- Generated by org.testng.reporters.JUnitReportReporter -->
<testsuite skipped="0" hostname="deanas-mbp.lan" name="hellosign.LandingPageTest" tests="2" failures="0" timestamp="27 Aug 2017 01:37:30 GMT" time="39.085" errors="0">
  <testcase name="landingPageTest" time="24.337" classname="hellosign.LandingPageTest"/>
  <testcase name="landingPageTest" time="14.748" classname="hellosign.LandingPageTest"/>
</testsuite> <!-- hellosign.LandingPageTest -->
