<?xml version="1.0" encoding="UTF-8"?>
<!-- Generated by org.testng.reporters.JUnitReportReporter -->
<testsuite skipped="0" hostname="Deanas-MBP" name="hellosign.NewUserFreePlanTest" tests="1" failures="0" timestamp="04 Oct 2017 21:48:12 GMT" time="21.060" errors="0">
  <testcase name="freePlanSingupTest" time="21.060" classname="hellosign.NewUserFreePlanTest"/>
</testsuite> <!-- hellosign.NewUserFreePlanTest -->
