<?xml version="1.0" encoding="UTF-8"?>
<!-- Generated by org.testng.reporters.JUnitReportReporter -->
<testsuite skipped="0" hostname="deanas-mbp.lan" name="hellosign.uploadTest" tests="1" failures="0" timestamp="27 Aug 2017 21:17:16 GMT" time="0.056" errors="0">
  <testcase name="testUpload" time="0.056" classname="hellosign.uploadTest"/>
</testsuite> <!-- hellosign.uploadTest -->
