<?xml version="1.0" encoding="UTF-8"?>
<!-- Generated by org.testng.reporters.JUnitReportReporter -->
<testsuite skipped="0" hostname="deanas-mbp.lan" name="hellosign.dragAndDrop" tests="1" failures="0" timestamp="13 Oct 2017 08:04:24 GMT" time="14.348" errors="0">
  <testcase name="dragAndDropTest" time="14.348" classname="hellosign.dragAndDrop"/>
</testsuite> <!-- hellosign.dragAndDrop -->
