<?xml version="1.0" encoding="UTF-8"?>
<!-- Generated by org.testng.reporters.JUnitReportReporter -->
<testsuite skipped="0" hostname="deanas-mbp.lan" name="netelastic.dragAndDrop" tests="1" failures="0" timestamp="13 Oct 2017 16:05:28 GMT" time="13.164" errors="0">
  <testcase name="dragAndDropTest" time="13.164" classname="netelastic.dragAndDrop"/>
</testsuite> <!-- netelastic.dragAndDrop -->
