<?xml version="1.0" encoding="UTF-8"?>
<!-- Generated by org.testng.reporters.JUnitReportReporter -->
<testsuite skipped="0" hostname="deanas-mbp.lan" name="com.netelastic.dragAndDrop" tests="1" failures="0" timestamp="13 Oct 2017 16:35:45 GMT" time="13.138" errors="0">
  <testcase name="dragAndDropTest" time="13.138" classname="com.netelastic.dragAndDrop"/>
</testsuite> <!-- com.netelastic.dragAndDrop -->
