<?xml version="1.0" encoding="UTF-8"?>
<!-- Generated by org.testng.reporters.JUnitReportReporter -->
<testsuite skipped="0" hostname="Deanas-MBP.lan" name="hellosign.NewUserFreePlanTest" tests="1" failures="0" timestamp="04 Oct 2017 22:44:00 GMT" time="16.007" errors="0">
  <testcase name="freePlanSingupTest" time="16.007" classname="hellosign.NewUserFreePlanTest"/>
</testsuite> <!-- hellosign.NewUserFreePlanTest -->
